  Bullet.cpp
  Enemy.cpp
C:\Users\user\source\repos\Asteroids\Asteroids\src\Enemy.cpp(8,34): warning C4244: '=': conversion from 'unsigned int' to 'float', possible loss of data
  Explosion.cpp
  Game.cpp
C:\Users\user\source\repos\Asteroids\Asteroids\src\Game.cpp(205,19): warning C4244: 'initializing': conversion from 'T' to 'float', possible loss of data
          with
          [
              T=unsigned int
          ]
C:\Users\user\source\repos\Asteroids\Asteroids\src\Game.cpp(224,25): warning C4244: 'argument': conversion from 'float' to 'const int', possible loss of data
C:\Users\user\source\repos\Asteroids\Asteroids\src\Game.cpp(251,20): warning C4018: '<': signed/unsigned mismatch
C:\Users\user\source\repos\Asteroids\Asteroids\src\Game.cpp(255,21): warning C4018: '<': signed/unsigned mismatch
C:\Users\user\source\repos\Asteroids\Asteroids\src\Game.cpp(259,57): warning C4244: 'argument': conversion from 'float' to 'int', possible loss of data
C:\Users\user\source\repos\Asteroids\Asteroids\src\Game.cpp(283,18): warning C4018: '<': signed/unsigned mismatch
  main.cpp
C:\Users\user\source\repos\Asteroids\Asteroids\src\main.cpp(1,10): warning C4067: unexpected tokens following preprocessor directive - expected a newline
  Player.cpp
  Generating Code...
  Asteroids.vcxproj -> C:\Users\user\source\repos\Asteroids\Asteroids\bin\Win32\Debug\Asteroids.exe
